TN:
SF:src/environments.ts
FN:5,(anonymous_0)
FN:73,(anonymous_1)
FNF:2
FNH:0
FNDA:0,(anonymous_0)
FNDA:0,(anonymous_1)
DA:1,0
DA:2,0
DA:4,0
DA:5,0
DA:8,0
DA:12,0
DA:45,0
DA:73,0
LF:8
LH:0
BRF:0
BRH:0
end_of_record
TN:
SF:src/common/application/common.usecase.ts
FN:13,(anonymous_1)
FN:44,(anonymous_2)
FN:45,(anonymous_3)
FN:15,(anonymous_4)
FN:19,(anonymous_5)
FN:34,(anonymous_6)
FN:51,(anonymous_7)
FN:63,(anonymous_8)
FN:86,(anonymous_9)
FNF:9
FNH:9
FNDA:31,(anonymous_1)
FNDA:1,(anonymous_2)
FNDA:2,(anonymous_3)
FNDA:6,(anonymous_4)
FNDA:3,(anonymous_5)
FNDA:3,(anonymous_6)
FNDA:2,(anonymous_7)
FNDA:5,(anonymous_8)
FNDA:3,(anonymous_9)
DA:2,3
DA:12,3
DA:13,31
DA:16,6
DA:20,3
DA:21,3
DA:35,3
DA:36,1
DA:38,2
DA:39,1
DA:41,1
DA:44,31
DA:45,1
DA:46,2
DA:47,2
DA:52,2
DA:56,2
DA:58,2
DA:60,2
DA:74,5
DA:79,5
DA:81,5
DA:83,5
DA:87,3
DA:89,3
DA:91,3
LF:26
LH:26
BRDA:35,0,0,1
BRDA:38,1,0,1
BRDA:87,2,0,3
BRDA:87,2,1,2
BRDA:89,3,0,3
BRDA:89,3,1,2
BRF:6
BRH:6
end_of_record
TN:
SF:src/common/infrastructure/decorators/common.decorator.ts
FN:9,(anonymous_0)
FN:56,(anonymous_1)
FN:59,(anonymous_2)
FN:67,(anonymous_3)
FN:73,(anonymous_4)
FN:81,IsLengthLessThan
FN:82,(anonymous_6)
FN:90,(anonymous_7)
FN:95,(anonymous_8)
FNF:9
FNH:0
FNDA:0,(anonymous_0)
FNDA:0,(anonymous_1)
FNDA:0,(anonymous_2)
FNDA:0,(anonymous_3)
FNDA:0,(anonymous_4)
FNDA:0,IsLengthLessThan
FNDA:0,(anonymous_6)
FNDA:0,(anonymous_7)
FNDA:0,(anonymous_8)
DA:1,0
DA:2,0
DA:3,0
DA:7,0
DA:9,0
DA:16,0
DA:17,0
DA:26,0
DA:56,0
DA:57,0
DA:59,0
DA:60,0
DA:68,0
DA:69,0
DA:71,0
DA:74,0
DA:81,0
DA:82,0
DA:83,0
DA:91,0
DA:92,0
DA:93,0
DA:96,0
DA:97,0
LF:24
LH:0
BRDA:14,0,0,0
BRDA:16,1,0,0
BRDA:38,2,0,0
BRDA:38,2,1,0
BRDA:68,3,0,0
BRF:5
BRH:0
end_of_record
TN:
SF:src/common/infrastructure/guards/jwt.guard.ts
FN:14,(anonymous_2)
FN:23,(anonymous_3)
FNF:2
FNH:0
FNDA:0,(anonymous_2)
FNDA:0,(anonymous_3)
DA:1,0
DA:3,0
DA:4,0
DA:5,0
DA:7,0
DA:8,0
DA:12,0
DA:15,0
DA:16,0
DA:17,0
DA:19,0
DA:20,0
DA:24,0
DA:26,0
DA:28,0
DA:29,0
DA:32,0
DA:33,0
DA:39,0
DA:40,0
DA:41,0
DA:44,0
DA:46,0
DA:47,0
DA:50,0
DA:51,0
DA:55,0
DA:56,0
DA:58,0
LF:29
LH:0
BRDA:28,0,0,0
BRDA:39,1,0,0
BRDA:40,2,0,0
BRDA:46,3,0,0
BRDA:50,4,0,0
BRDA:58,5,0,0
BRDA:58,5,1,0
BRF:7
BRH:0
end_of_record
TN:
SF:src/common/infrastructure/guards/logged.guard.ts
FN:14,(anonymous_2)
FN:23,(anonymous_3)
FNF:2
FNH:0
FNDA:0,(anonymous_2)
FNDA:0,(anonymous_3)
DA:1,0
DA:3,0
DA:4,0
DA:5,0
DA:7,0
DA:8,0
DA:12,0
DA:15,0
DA:16,0
DA:17,0
DA:19,0
DA:20,0
DA:24,0
DA:26,0
DA:28,0
DA:29,0
DA:32,0
DA:33,0
DA:39,0
DA:40,0
DA:43,0
DA:45,0
DA:46,0
DA:49,0
DA:50,0
DA:53,0
DA:55,0
LF:27
LH:0
BRDA:28,0,0,0
BRDA:39,1,0,0
BRDA:45,2,0,0
BRDA:49,3,0,0
BRDA:55,4,0,0
BRDA:55,4,1,0
BRF:6
BRH:0
end_of_record
TN:
SF:src/common/infrastructure/guards/roles.guard.ts
FN:13,(anonymous_2)
FN:20,(anonymous_3)
FNF:2
FNH:0
FNDA:0,(anonymous_2)
FNDA:0,(anonymous_3)
DA:1,0
DA:2,0
DA:3,0
DA:5,0
DA:6,0
DA:10,0
DA:14,0
DA:15,0
DA:17,0
DA:21,0
DA:23,0
DA:24,0
DA:26,0
DA:27,0
DA:30,0
DA:36,0
DA:37,0
DA:39,0
DA:40,0
LF:19
LH:0
BRDA:26,0,0,0
BRDA:37,1,0,0
BRDA:37,1,1,0
BRF:3
BRH:0
end_of_record
TN:
SF:src/common/infrastructure/services/common.mock.ts
FNF:0
FNH:0
DA:1,0
LF:1
LH:0
BRF:0
BRH:0
end_of_record
TN:
SF:src/common/infrastructure/services/common.service.ts
FN:13,(anonymous_2)
FN:15,(anonymous_3)
FN:69,(anonymous_4)
FN:71,(anonymous_5)
FN:94,(anonymous_6)
FN:99,(anonymous_7)
FNF:6
FNH:0
FNDA:0,(anonymous_2)
FNDA:0,(anonymous_3)
FNDA:0,(anonymous_4)
FNDA:0,(anonymous_5)
FNDA:0,(anonymous_6)
FNDA:0,(anonymous_7)
DA:1,0
DA:2,0
DA:3,0
DA:4,0
DA:6,0
DA:9,0
DA:12,0
DA:13,0
DA:15,0
DA:16,0
DA:17,0
DA:19,0
DA:20,0
DA:21,0
DA:22,0
DA:23,0
DA:24,0
DA:25,0
DA:29,0
DA:65,0
DA:70,0
DA:72,0
DA:73,0
DA:74,0
DA:75,0
DA:76,0
DA:79,0
DA:80,0
DA:81,0
DA:84,0
DA:89,0
DA:95,0
DA:100,0
DA:101,0
DA:102,0
DA:104,0
DA:110,0
LF:37
LH:0
BRDA:17,0,0,0
BRDA:17,0,1,0
BRDA:19,1,0,0
BRDA:20,2,0,0
BRDA:20,2,1,0
BRDA:20,3,0,0
BRDA:20,3,1,0
BRDA:22,4,0,0
BRDA:22,4,1,0
BRDA:22,5,0,0
BRDA:22,5,1,0
BRDA:24,6,0,0
BRDA:24,7,0,0
BRDA:24,7,1,0
BRDA:30,8,0,0
BRDA:30,8,1,0
BRDA:75,9,0,0
BRDA:79,10,0,0
BRDA:79,10,1,0
BRDA:80,11,0,0
BRF:20
BRH:0
end_of_record
TN:
SF:src/database/orm.config.ts
FNF:0
FNH:0
DA:1,0
DA:2,0
DA:6,0
DA:8,0
DA:11,0
DA:13,0
DA:28,0
LF:7
LH:0
BRF:0
BRH:0
end_of_record
TN:
SF:src/logs/infrastructure/services/logs.service.ts
FN:12,(anonymous_4)
FN:14,(anonymous_5)
FNF:2
FNH:0
FNDA:0,(anonymous_4)
FNDA:0,(anonymous_5)
DA:1,0
DA:2,0
DA:3,0
DA:8,0
DA:11,0
DA:12,0
DA:14,0
DA:15,0
DA:16,0
DA:23,0
DA:25,0
DA:27,0
DA:28,0
LF:13
LH:0
BRF:0
BRH:0
end_of_record
TN:
SF:src/payment-gateway/application/payment-gateway.mock.ts
FNF:0
FNH:0
DA:3,1
LF:1
LH:1
BRF:0
BRH:0
end_of_record
TN:
SF:src/payment-gateway/application/payment-gateway.usecase.ts
FN:10,(anonymous_0)
FN:12,(anonymous_1)
FN:47,(anonymous_2)
FNF:3
FNH:3
FNDA:24,(anonymous_0)
FNDA:4,(anonymous_1)
FNDA:4,(anonymous_2)
DA:9,2
DA:10,24
DA:19,4
DA:27,4
DA:28,1
DA:31,3
DA:32,1
DA:35,2
DA:55,4
DA:57,4
DA:58,1
DA:61,3
DA:71,3
DA:72,1
DA:75,2
LF:15
LH:15
BRDA:27,0,0,1
BRDA:31,1,0,1
BRDA:57,2,0,1
BRDA:71,3,0,1
BRF:4
BRH:4
end_of_record
TN:
SF:src/payment-gateway/infrastructure/services/gateway-token.service.ts
FN:17,(anonymous_5)
FN:19,(anonymous_6)
FN:52,(anonymous_7)
FN:82,(anonymous_8)
FNF:4
FNH:0
FNDA:0,(anonymous_5)
FNDA:0,(anonymous_6)
FNDA:0,(anonymous_7)
FNDA:0,(anonymous_8)
DA:1,0
DA:2,0
DA:3,0
DA:12,0
DA:13,0
DA:16,0
DA:17,0
DA:30,0
DA:31,0
DA:43,0
DA:45,0
DA:47,0
DA:48,0
DA:53,0
DA:54,0
DA:71,0
DA:72,0
DA:75,0
DA:77,0
DA:78,0
DA:83,0
DA:84,0
DA:89,0
DA:91,0
DA:92,0
LF:25
LH:0
BRDA:71,0,0,0
BRF:1
BRH:0
end_of_record
TN:
SF:src/payment-gateway/infrastructure/services/payment-gateway.service.ts
FN:30,(anonymous_2)
FN:45,(anonymous_3)
FN:63,(anonymous_4)
FN:105,(anonymous_5)
FN:141,(anonymous_6)
FN:195,(anonymous_7)
FNF:6
FNH:0
FNDA:0,(anonymous_2)
FNDA:0,(anonymous_3)
FNDA:0,(anonymous_4)
FNDA:0,(anonymous_5)
FNDA:0,(anonymous_6)
FNDA:0,(anonymous_7)
DA:1,0
DA:2,0
DA:3,0
DA:5,0
DA:23,0
DA:24,0
DA:25,0
DA:26,0
DA:27,0
DA:31,0
DA:32,0
DA:34,0
DA:37,0
DA:40,0
DA:46,0
DA:47,0
DA:49,0
DA:51,0
DA:56,0
DA:64,0
DA:66,0
DA:74,0
DA:79,0
DA:80,0
DA:87,0
DA:89,0
DA:91,0
DA:97,0
DA:106,0
DA:108,0
DA:110,0
DA:115,0
DA:116,0
DA:123,0
DA:125,0
DA:127,0
DA:133,0
DA:151,0
DA:153,0
DA:164,0
DA:169,0
DA:170,0
DA:177,0
DA:179,0
DA:181,0
DA:187,0
DA:196,0
DA:203,0
DA:204,0
DA:211,0
DA:213,0
DA:215,0
DA:221,0
LF:53
LH:0
BRF:0
BRH:0
end_of_record
TN:
SF:src/product/application/product.usecase.ts
FN:11,(anonymous_0)
FN:18,(anonymous_1)
FNF:2
FNH:2
FNDA:2,(anonymous_0)
FNDA:2,(anonymous_1)
DA:2,1
DA:8,1
DA:12,2
DA:13,2
DA:15,2
DA:19,2
DA:26,1
DA:35,1
LF:8
LH:8
BRF:0
BRH:0
end_of_record
TN:
SF:src/product/infrastructure/controllers/product.controller.ts
FN:25,(anonymous_4)
FN:44,(anonymous_5)
FNF:2
FNH:0
FNDA:0,(anonymous_4)
FNDA:0,(anonymous_5)
DA:1,0
DA:2,0
DA:5,0
DA:7,0
DA:8,0
DA:9,0
DA:12,0
DA:13,0
DA:14,0
DA:15,0
DA:22,0
DA:26,0
DA:27,0
DA:29,0
DA:44,0
DA:45,0
DA:46,0
DA:52,0
DA:57,0
LF:19
LH:0
BRF:0
BRH:0
end_of_record
TN:
SF:src/product/infrastructure/services/product.service.ts
FN:14,(anonymous_4)
FN:19,(anonymous_5)
FN:47,(anonymous_6)
FN:70,(anonymous_7)
FNF:4
FNH:0
FNDA:0,(anonymous_4)
FNDA:0,(anonymous_5)
FNDA:0,(anonymous_6)
FNDA:0,(anonymous_7)
DA:1,0
DA:2,0
DA:3,0
DA:9,0
DA:10,0
DA:13,0
DA:15,0
DA:16,0
DA:20,0
DA:21,0
DA:35,0
DA:37,0
DA:42,0
DA:43,0
DA:48,0
DA:49,0
DA:59,0
DA:60,0
DA:63,0
DA:65,0
DA:66,0
DA:71,0
DA:72,0
DA:78,0
DA:83,0
DA:85,0
DA:87,0
DA:88,0
LF:28
LH:0
BRDA:59,0,0,0
BRF:1
BRH:0
end_of_record
TN:
SF:src/session/application/session.usecase.ts
FN:15,(anonymous_1)
FN:20,(anonymous_2)
FN:87,(anonymous_3)
FNF:3
FNH:3
FNDA:5,(anonymous_1)
FNDA:3,(anonymous_2)
FNDA:2,(anonymous_3)
DA:1,1
DA:2,1
DA:3,1
DA:8,1
DA:11,1
DA:12,5
DA:13,5
DA:16,5
DA:17,5
DA:33,3
DA:35,3
DA:37,3
DA:39,3
DA:40,1
DA:43,2
DA:62,2
DA:70,2
DA:77,2
DA:78,1
DA:81,1
DA:88,2
DA:90,2
DA:92,2
DA:99,2
DA:107,2
DA:114,2
DA:115,1
DA:118,1
LF:28
LH:28
BRDA:39,0,0,1
BRDA:77,1,0,1
BRDA:114,2,0,1
BRF:3
BRH:3
end_of_record
TN:
SF:src/session/infrastructure/controllers/session.controller.ts
FN:23,(anonymous_4)
FN:58,(anonymous_5)
FN:108,(anonymous_6)
FNF:3
FNH:0
FNDA:0,(anonymous_4)
FNDA:0,(anonymous_5)
FNDA:0,(anonymous_6)
DA:1,0
DA:2,0
DA:3,0
DA:9,0
DA:10,0
DA:12,0
DA:13,0
DA:14,0
DA:15,0
DA:20,0
DA:24,0
DA:25,0
DA:27,0
DA:58,0
DA:62,0
DA:68,0
DA:69,0
DA:71,0
DA:76,0
DA:108,0
DA:109,0
DA:110,0
DA:114,0
DA:119,0
LF:24
LH:0
BRF:0
BRH:0
end_of_record
TN:
SF:src/session/infrastructure/core/session.pipe.ts
FN:14,(anonymous_3)
FN:16,(anonymous_4)
FN:24,(anonymous_5)
FNF:3
FNH:0
FNDA:0,(anonymous_3)
FNDA:0,(anonymous_4)
FNDA:0,(anonymous_5)
DA:1,0
DA:2,0
DA:3,0
DA:4,0
DA:6,0
DA:10,0
DA:13,0
DA:14,0
DA:17,0
DA:18,0
DA:23,0
DA:24,0
DA:25,0
DA:28,0
DA:30,0
DA:31,0
DA:34,0
DA:35,0
DA:38,0
DA:40,0
DA:41,0
DA:44,0
LF:22
LH:0
BRDA:23,0,0,0
BRDA:30,1,0,0
BRDA:34,2,0,0
BRDA:40,3,0,0
BRF:4
BRH:0
end_of_record
TN:
SF:src/session/infrastructure/services/session.service.ts
FN:13,(anonymous_4)
FN:18,(anonymous_5)
FN:37,(anonymous_6)
FN:64,(anonymous_7)
FN:95,(anonymous_8)
FN:106,(anonymous_9)
FNF:6
FNH:0
FNDA:0,(anonymous_4)
FNDA:0,(anonymous_5)
FNDA:0,(anonymous_6)
FNDA:0,(anonymous_7)
FNDA:0,(anonymous_8)
FNDA:0,(anonymous_9)
DA:1,0
DA:2,0
DA:3,0
DA:8,0
DA:9,0
DA:12,0
DA:14,0
DA:15,0
DA:19,0
DA:20,0
DA:28,0
DA:30,0
DA:32,0
DA:33,0
DA:38,0
DA:39,0
DA:53,0
DA:54,0
DA:57,0
DA:59,0
DA:60,0
DA:65,0
DA:66,0
DA:84,0
DA:85,0
DA:88,0
DA:90,0
DA:91,0
DA:96,0
DA:97,0
DA:99,0
DA:101,0
DA:102,0
DA:107,0
DA:108,0
DA:110,0
DA:112,0
DA:113,0
LF:38
LH:0
BRDA:53,0,0,0
BRDA:84,1,0,0
BRF:2
BRH:0
end_of_record
TN:
SF:src/transaction/application/transaction.usecase.ts
FN:30,(anonymous_1)
FN:43,(anonymous_2)
FN:167,(anonymous_3)
FN:207,(anonymous_4)
FN:289,(anonymous_5)
FN:306,(anonymous_6)
FNF:6
FNH:5
FNDA:9,(anonymous_1)
FNDA:1,(anonymous_2)
FNDA:1,(anonymous_3)
FNDA:4,(anonymous_4)
FNDA:3,(anonymous_5)
FNDA:0,(anonymous_6)
DA:1,1
DA:2,1
DA:4,1
DA:11,1
DA:15,1
DA:24,1
DA:27,1
DA:31,9
DA:32,9
DA:33,9
DA:34,9
DA:35,9
DA:36,9
DA:37,9
DA:39,9
DA:40,9
DA:44,1
DA:46,1
DA:47,0
DA:50,1
DA:52,1
DA:53,0
DA:56,1
DA:58,1
DA:59,0
DA:62,1
DA:63,1
DA:65,1
DA:66,1
DA:68,1
DA:70,1
DA:71,0
DA:74,1
DA:75,0
DA:78,1
DA:79,0
DA:82,1
DA:83,1
DA:86,1
DA:94,1
DA:95,1
DA:97,1
DA:103,1
DA:116,1
DA:131,1
DA:132,0
DA:135,1
DA:136,1
DA:138,1
DA:140,1
DA:149,1
DA:150,0
DA:151,0
DA:154,1
DA:156,1
DA:158,1
DA:159,0
DA:160,0
DA:164,1
DA:171,1
DA:173,1
DA:181,1
DA:193,1
DA:194,0
DA:197,1
DA:208,4
DA:209,1
DA:212,3
DA:221,3
DA:222,1
DA:225,2
DA:230,2
DA:231,0
DA:234,2
DA:236,2
DA:237,0
DA:240,2
DA:241,1
DA:243,1
DA:244,0
DA:247,1
DA:252,1
DA:253,1
DA:257,1
DA:259,1
DA:260,0
DA:263,1
DA:275,1
DA:276,0
DA:277,0
DA:280,1
DA:284,1
DA:290,3
DA:292,3
DA:293,1
DA:296,2
DA:297,1
DA:300,1
DA:307,0
DA:309,0
DA:310,0
DA:313,0
DA:314,0
DA:317,0
LF:104
LH:80
BRDA:46,0,0,0
BRDA:46,1,0,1
BRDA:46,1,1,1
BRDA:52,2,0,0
BRDA:52,3,0,1
BRDA:52,3,1,1
BRDA:58,4,0,0
BRDA:70,5,0,0
BRDA:74,6,0,0
BRDA:78,7,0,0
BRDA:131,8,0,0
BRDA:149,9,0,0
BRDA:158,10,0,0
BRDA:193,11,0,0
BRDA:208,12,0,1
BRDA:221,13,0,1
BRDA:230,14,0,0
BRDA:236,15,0,0
BRDA:236,16,0,2
BRDA:236,16,1,2
BRDA:240,17,0,1
BRDA:243,18,0,0
BRDA:243,19,0,1
BRDA:243,19,1,1
BRDA:252,20,0,1
BRDA:252,21,0,1
BRDA:252,21,1,1
BRDA:259,22,0,0
BRDA:259,23,0,1
BRDA:259,23,1,1
BRDA:275,24,0,0
BRDA:292,25,0,1
BRDA:296,26,0,1
BRDA:309,27,0,0
BRDA:313,28,0,0
BRF:35
BRH:18
end_of_record
TN:
SF:src/transaction/domain/valueobject/transaction.value.ts
FN:7,(anonymous_1)
FN:22,(anonymous_2)
FN:26,(anonymous_3)
FN:30,(anonymous_4)
FN:34,(anonymous_5)
FN:42,(anonymous_6)
FN:49,(anonymous_7)
FNF:7
FNH:5
FNDA:1,(anonymous_1)
FNDA:0,(anonymous_2)
FNDA:0,(anonymous_3)
FNDA:1,(anonymous_4)
FNDA:1,(anonymous_5)
FNDA:1,(anonymous_6)
FNDA:2,(anonymous_7)
DA:1,1
DA:3,1
DA:8,1
DA:9,1
DA:10,0
DA:12,1
DA:13,0
DA:15,1
DA:16,0
DA:18,1
DA:19,1
DA:23,0
DA:27,0
DA:31,1
DA:35,1
DA:39,1
DA:43,1
DA:44,0
DA:46,1
DA:50,2
LF:20
LH:14
BRDA:9,0,0,0
BRDA:12,1,0,0
BRDA:15,2,0,0
BRDA:31,3,0,0
BRDA:31,3,1,1
BRDA:43,4,0,0
BRF:6
BRH:1
end_of_record
TN:
SF:src/transaction/infrastructure/controllers/transaction.controller.ts
FN:58,(anonymous_4)
FN:107,(anonymous_5)
FN:143,(anonymous_6)
FN:180,(anonymous_7)
FN:232,(anonymous_8)
FN:273,(anonymous_9)
FNF:6
FNH:0
FNDA:0,(anonymous_4)
FNDA:0,(anonymous_5)
FNDA:0,(anonymous_6)
FNDA:0,(anonymous_7)
FNDA:0,(anonymous_8)
FNDA:0,(anonymous_9)
DA:1,0
DA:15,0
DA:17,0
DA:20,0
DA:21,0
DA:22,0
DA:23,0
DA:32,0
DA:33,0
DA:34,0
DA:42,0
DA:44,0
DA:45,0
DA:46,0
DA:47,0
DA:48,0
DA:49,0
DA:55,0
DA:59,0
DA:60,0
DA:61,0
DA:62,0
DA:63,0
DA:64,0
DA:65,0
DA:67,0
DA:107,0
DA:111,0
DA:112,0
DA:118,0
DA:125,0
DA:143,0
DA:147,0
DA:148,0
DA:156,0
DA:161,0
DA:180,0
DA:184,0
DA:185,0
DA:194,0
DA:199,0
DA:200,0
DA:232,0
DA:233,0
DA:234,0
DA:236,0
DA:241,0
DA:273,0
DA:277,0
DA:278,0
DA:280,0
DA:288,0
LF:52
LH:0
BRF:0
BRH:0
end_of_record
TN:
SF:src/transaction/infrastructure/guard/transaction.guard.ts
FN:9,(anonymous_2)
FN:14,(anonymous_3)
FNF:2
FNH:0
FNDA:0,(anonymous_2)
FNDA:0,(anonymous_3)
DA:1,0
DA:4,0
DA:5,0
DA:8,0
DA:10,0
DA:11,0
DA:15,0
DA:16,0
DA:18,0
DA:20,0
DA:21,0
DA:24,0
DA:26,0
DA:27,0
DA:30,0
LF:15
LH:0
BRDA:20,0,0,0
BRDA:20,1,0,0
BRDA:20,1,1,0
BRDA:26,2,0,0
BRF:4
BRH:0
end_of_record
TN:
SF:src/transaction/infrastructure/services/transaction.service.ts
FN:27,(anonymous_4)
FN:34,(anonymous_5)
FN:73,(anonymous_6)
FN:86,(anonymous_7)
FN:113,(anonymous_8)
FN:135,(anonymous_9)
FN:146,(anonymous_10)
FN:171,(anonymous_11)
FN:194,(anonymous_12)
FN:227,(anonymous_13)
FNF:10
FNH:0
FNDA:0,(anonymous_4)
FNDA:0,(anonymous_5)
FNDA:0,(anonymous_6)
FNDA:0,(anonymous_7)
FNDA:0,(anonymous_8)
FNDA:0,(anonymous_9)
FNDA:0,(anonymous_10)
FNDA:0,(anonymous_11)
FNDA:0,(anonymous_12)
FNDA:0,(anonymous_13)
DA:1,0
DA:2,0
DA:3,0
DA:4,0
DA:20,0
DA:21,0
DA:22,0
DA:23,0
DA:26,0
DA:28,0
DA:29,0
DA:30,0
DA:31,0
DA:48,0
DA:49,0
DA:64,0
DA:66,0
DA:68,0
DA:69,0
DA:74,0
DA:75,0
DA:79,0
DA:81,0
DA:82,0
DA:94,0
DA:95,0
DA:104,0
DA:106,0
DA:108,0
DA:109,0
DA:114,0
DA:115,0
DA:121,0
DA:126,0
DA:128,0
DA:130,0
DA:131,0
DA:136,0
DA:137,0
DA:141,0
DA:143,0
DA:147,0
DA:148,0
DA:161,0
DA:162,0
DA:165,0
DA:167,0
DA:172,0
DA:173,0
DA:184,0
DA:185,0
DA:188,0
DA:190,0
DA:205,0
DA:206,0
DA:218,0
DA:220,0
DA:222,0
DA:223,0
DA:228,0
DA:229,0
DA:237,0
DA:239,0
DA:240,0
LF:64
LH:0
BRDA:161,0,0,0
BRDA:184,1,0,0
BRDA:237,2,0,0
BRDA:237,2,1,0
BRF:4
BRH:0
end_of_record
TN:
SF:src/transaction/infrastructure/websockets/transaction.websoket.ts
FN:26,(anonymous_2)
FN:34,(anonymous_3)
FN:78,(anonymous_4)
FN:84,(anonymous_5)
FN:94,(anonymous_6)
FNF:5
FNH:0
FNDA:0,(anonymous_2)
FNDA:0,(anonymous_3)
FNDA:0,(anonymous_4)
FNDA:0,(anonymous_5)
FNDA:0,(anonymous_6)
DA:1,0
DA:2,0
DA:6,0
DA:7,0
DA:9,0
DA:10,0
DA:17,0
DA:19,0
DA:24,0
DA:27,0
DA:28,0
DA:29,0
DA:31,0
DA:35,0
DA:36,0
DA:38,0
DA:39,0
DA:42,0
DA:43,0
DA:49,0
DA:50,0
DA:51,0
DA:54,0
DA:56,0
DA:57,0
DA:60,0
DA:61,0
DA:65,0
DA:66,0
DA:67,0
DA:68,0
DA:69,0
DA:71,0
DA:74,0
DA:79,0
DA:80,0
DA:81,0
DA:82,0
DA:83,0
DA:84,0
DA:85,0
DA:86,0
DA:88,0
DA:95,0
DA:96,0
DA:97,0
DA:98,0
DA:99,0
LF:48
LH:0
BRDA:38,0,0,0
BRDA:49,1,0,0
BRDA:50,2,0,0
BRDA:56,3,0,0
BRDA:60,4,0,0
BRDA:66,5,0,0
BRDA:67,6,0,0
BRDA:67,6,1,0
BRDA:68,7,0,0
BRDA:81,8,0,0
BRDA:83,9,0,0
BRDA:85,10,0,0
BRDA:85,10,1,0
BRDA:96,11,0,0
BRF:14
BRH:0
end_of_record
